c:\users\riomi\source\repos\tetra\tetra\x64\release\vc143.pdb
c:\users\riomi\source\repos\tetra\tetra\x64\release\window.obj
c:\users\riomi\source\repos\tetra\tetra\x64\release\texturemanager.obj
c:\users\riomi\source\repos\tetra\tetra\x64\release\texture.obj
c:\users\riomi\source\repos\tetra\tetra\x64\release\source.obj
c:\users\riomi\source\repos\tetra\tetra\x64\release\shader.obj
c:\users\riomi\source\repos\tetra\tetra\x64\release\sandboxlayer.obj
c:\users\riomi\source\repos\tetra\tetra\x64\release\shadermanager.obj
c:\users\riomi\source\repos\tetra\tetra\x64\release\renderer.obj
c:\users\riomi\source\repos\tetra\tetra\x64\release\mesh.obj
c:\users\riomi\source\repos\tetra\tetra\x64\release\inputmanager.obj
c:\users\riomi\source\repos\tetra\tetra\x64\release\helper.obj
c:\users\riomi\source\repos\tetra\tetra\x64\release\glmincludes.obj
c:\users\riomi\source\repos\tetra\tetra\x64\release\camera.obj
c:\users\riomi\source\repos\tetra\tetra\x64\release\baselayer.obj
c:\users\riomi\source\repos\tetra\tetra\x64\release\application.obj
c:\users\riomi\source\repos\tetra\tetra\x64\release\stb_image.obj
c:\users\riomi\source\repos\tetra\tetra\x64\release\glad.obj
c:\users\riomi\source\repos\tetra\tetra\x64\release\lightmanager.obj
c:\users\riomi\source\repos\tetra\x64\release\tetra.exe
c:\users\riomi\source\repos\tetra\tetra\x64\release\tetra.ipdb
c:\users\riomi\source\repos\tetra\x64\release\tetra.pdb
c:\users\riomi\source\repos\tetra\tetra\x64\release\tetra.iobj
c:\users\riomi\source\repos\tetra\tetra\x64\release\tetra.tlog\cl.command.1.tlog
c:\users\riomi\source\repos\tetra\tetra\x64\release\tetra.tlog\cl.read.1.tlog
c:\users\riomi\source\repos\tetra\tetra\x64\release\tetra.tlog\cl.write.1.tlog
c:\users\riomi\source\repos\tetra\tetra\x64\release\tetra.tlog\link.command.1.tlog
c:\users\riomi\source\repos\tetra\tetra\x64\release\tetra.tlog\link.read.1.tlog
c:\users\riomi\source\repos\tetra\tetra\x64\release\tetra.tlog\link.write.1.tlog
