  Engine.cpp
C:\Users\riomi\source\repos\Tetra\Tetra\Helper.h(177,43): warning C4267: '=': conversion from 'size_t' to 'GLuint', possible loss of data
  Renderer.cpp
C:\Users\riomi\source\repos\Tetra\Tetra\Helper.h(177,43): warning C4267: '=': conversion from 'size_t' to 'GLuint', possible loss of data
  Source.cpp
C:\Users\riomi\source\repos\Tetra\Tetra\Helper.h(177,43): warning C4267: '=': conversion from 'size_t' to 'GLuint', possible loss of data
  Generating Code...
Renderer.obj : error LNK2005: "unsigned int const __cdecl Helper_::Shaders_::CreateProgram(unsigned int const &,unsigned int const &)" (?CreateProgram@Shaders_@Helper_@@YA?BIAEBI0@Z) already defined in Engine.obj
Renderer.obj : error LNK2005: "unsigned int const __cdecl Helper_::Shaders_::CreateShader(unsigned int const &,class std::basic_string<char,struct std::char_traits<char>,class std::allocator<char> > const &)" (?CreateShader@Shaders_@Helper_@@YA?BIAEBIAEBV?$basic_string@DU?$char_traits@D@std@@V?$allocator@D@2@@std@@@Z) already defined in Engine.obj
Renderer.obj : error LNK2005: "void __cdecl Helper_::Status_::DisplayUsefulInfo(void)" (?DisplayUsefulInfo@Status_@Helper_@@YAXXZ) already defined in Engine.obj
Renderer.obj : error LNK2005: "void __cdecl Helper_::Mesh_::DrawMesh(struct Helper_::Mesh_::Mesh const &)" (?DrawMesh@Mesh_@Helper_@@YAXAEBUMesh@12@@Z) already defined in Engine.obj
Renderer.obj : error LNK2005: "void __cdecl Helper_::Mesh_::GenerateMesh(struct Helper_::Mesh_::Mesh &,class std::vector<struct glm::vec<3,float,0>,class std::allocator<struct glm::vec<3,float,0> > > &,class std::vector<struct glm::vec<2,float,0>,class std::allocator<struct glm::vec<2,float,0> > > &,class std::vector<unsigned int,class std::allocator<unsigned int> > &,class std::basic_string<char,struct std::char_traits<char>,class std::allocator<char> > const &)" (?GenerateMesh@Mesh_@Helper_@@YAXAEAUMesh@12@AEAV?$vector@U?$vec@$02M$0A@@glm@@V?$allocator@U?$vec@$02M$0A@@glm@@@std@@@std@@AEAV?$vector@U?$vec@$01M$0A@@glm@@V?$allocator@U?$vec@$01M$0A@@glm@@@std@@@5@AEAV?$vector@IV?$allocator@I@std@@@5@AEBV?$basic_string@DU?$char_traits@D@std@@V?$allocator@D@2@@5@@Z) already defined in Engine.obj
Renderer.obj : error LNK2005: "void __cdecl Helper_::Mesh_::GenerateTextureBuffer(unsigned int &,struct Helper_::Mesh_::TextureAttributes &)" (?GenerateTextureBuffer@Mesh_@Helper_@@YAXAEAIAEAUTextureAttributes@12@@Z) already defined in Engine.obj
Renderer.obj : error LNK2005: "void __cdecl Helper_::Mesh_::LoadTexture(class std::basic_string<char,struct std::char_traits<char>,class std::allocator<char> > const &,struct Helper_::Mesh_::TextureAttributes &)" (?LoadTexture@Mesh_@Helper_@@YAXAEBV?$basic_string@DU?$char_traits@D@std@@V?$allocator@D@2@@std@@AEAUTextureAttributes@12@@Z) already defined in Engine.obj
Source.obj : error LNK2005: "unsigned int const __cdecl Helper_::Shaders_::CreateProgram(unsigned int const &,unsigned int const &)" (?CreateProgram@Shaders_@Helper_@@YA?BIAEBI0@Z) already defined in Engine.obj
Source.obj : error LNK2005: "unsigned int const __cdecl Helper_::Shaders_::CreateShader(unsigned int const &,class std::basic_string<char,struct std::char_traits<char>,class std::allocator<char> > const &)" (?CreateShader@Shaders_@Helper_@@YA?BIAEBIAEBV?$basic_string@DU?$char_traits@D@std@@V?$allocator@D@2@@std@@@Z) already defined in Engine.obj
Source.obj : error LNK2005: "void __cdecl Helper_::Status_::DisplayUsefulInfo(void)" (?DisplayUsefulInfo@Status_@Helper_@@YAXXZ) already defined in Engine.obj
Source.obj : error LNK2005: "void __cdecl Helper_::Mesh_::DrawMesh(struct Helper_::Mesh_::Mesh const &)" (?DrawMesh@Mesh_@Helper_@@YAXAEBUMesh@12@@Z) already defined in Engine.obj
Source.obj : error LNK2005: "void __cdecl Helper_::Mesh_::GenerateMesh(struct Helper_::Mesh_::Mesh &,class std::vector<struct glm::vec<3,float,0>,class std::allocator<struct glm::vec<3,float,0> > > &,class std::vector<struct glm::vec<2,float,0>,class std::allocator<struct glm::vec<2,float,0> > > &,class std::vector<unsigned int,class std::allocator<unsigned int> > &,class std::basic_string<char,struct std::char_traits<char>,class std::allocator<char> > const &)" (?GenerateMesh@Mesh_@Helper_@@YAXAEAUMesh@12@AEAV?$vector@U?$vec@$02M$0A@@glm@@V?$allocator@U?$vec@$02M$0A@@glm@@@std@@@std@@AEAV?$vector@U?$vec@$01M$0A@@glm@@V?$allocator@U?$vec@$01M$0A@@glm@@@std@@@5@AEAV?$vector@IV?$allocator@I@std@@@5@AEBV?$basic_string@DU?$char_traits@D@std@@V?$allocator@D@2@@5@@Z) already defined in Engine.obj
Source.obj : error LNK2005: "void __cdecl Helper_::Mesh_::GenerateTextureBuffer(unsigned int &,struct Helper_::Mesh_::TextureAttributes &)" (?GenerateTextureBuffer@Mesh_@Helper_@@YAXAEAIAEAUTextureAttributes@12@@Z) already defined in Engine.obj
Source.obj : error LNK2005: "void __cdecl Helper_::Mesh_::LoadTexture(class std::basic_string<char,struct std::char_traits<char>,class std::allocator<char> > const &,struct Helper_::Mesh_::TextureAttributes &)" (?LoadTexture@Mesh_@Helper_@@YAXAEBV?$basic_string@DU?$char_traits@D@std@@V?$allocator@D@2@@std@@AEAUTextureAttributes@12@@Z) already defined in Engine.obj
glfw3.lib(window.obj) : warning LNK4099: PDB 'glfw3.pdb' was not found with 'glfw3.lib(window.obj)' or at 'C:\Users\riomi\source\repos\Tetra\x64\Debug\glfw3.pdb'; linking object as if no debug info
glfw3.lib(init.obj) : warning LNK4099: PDB 'glfw3.pdb' was not found with 'glfw3.lib(init.obj)' or at 'C:\Users\riomi\source\repos\Tetra\x64\Debug\glfw3.pdb'; linking object as if no debug info
glfw3.lib(input.obj) : warning LNK4099: PDB 'glfw3.pdb' was not found with 'glfw3.lib(input.obj)' or at 'C:\Users\riomi\source\repos\Tetra\x64\Debug\glfw3.pdb'; linking object as if no debug info
glfw3.lib(context.obj) : warning LNK4099: PDB 'glfw3.pdb' was not found with 'glfw3.lib(context.obj)' or at 'C:\Users\riomi\source\repos\Tetra\x64\Debug\glfw3.pdb'; linking object as if no debug info
glfw3.lib(win32_window.obj) : warning LNK4099: PDB 'glfw3.pdb' was not found with 'glfw3.lib(win32_window.obj)' or at 'C:\Users\riomi\source\repos\Tetra\x64\Debug\glfw3.pdb'; linking object as if no debug info
glfw3.lib(win32_thread.obj) : warning LNK4099: PDB 'glfw3.pdb' was not found with 'glfw3.lib(win32_thread.obj)' or at 'C:\Users\riomi\source\repos\Tetra\x64\Debug\glfw3.pdb'; linking object as if no debug info
glfw3.lib(win32_init.obj) : warning LNK4099: PDB 'glfw3.pdb' was not found with 'glfw3.lib(win32_init.obj)' or at 'C:\Users\riomi\source\repos\Tetra\x64\Debug\glfw3.pdb'; linking object as if no debug info
glfw3.lib(win32_monitor.obj) : warning LNK4099: PDB 'glfw3.pdb' was not found with 'glfw3.lib(win32_monitor.obj)' or at 'C:\Users\riomi\source\repos\Tetra\x64\Debug\glfw3.pdb'; linking object as if no debug info
glfw3.lib(win32_time.obj) : warning LNK4099: PDB 'glfw3.pdb' was not found with 'glfw3.lib(win32_time.obj)' or at 'C:\Users\riomi\source\repos\Tetra\x64\Debug\glfw3.pdb'; linking object as if no debug info
glfw3.lib(monitor.obj) : warning LNK4099: PDB 'glfw3.pdb' was not found with 'glfw3.lib(monitor.obj)' or at 'C:\Users\riomi\source\repos\Tetra\x64\Debug\glfw3.pdb'; linking object as if no debug info
glfw3.lib(vulkan.obj) : warning LNK4099: PDB 'glfw3.pdb' was not found with 'glfw3.lib(vulkan.obj)' or at 'C:\Users\riomi\source\repos\Tetra\x64\Debug\glfw3.pdb'; linking object as if no debug info
glfw3.lib(win32_joystick.obj) : warning LNK4099: PDB 'glfw3.pdb' was not found with 'glfw3.lib(win32_joystick.obj)' or at 'C:\Users\riomi\source\repos\Tetra\x64\Debug\glfw3.pdb'; linking object as if no debug info
glfw3.lib(wgl_context.obj) : warning LNK4099: PDB 'glfw3.pdb' was not found with 'glfw3.lib(wgl_context.obj)' or at 'C:\Users\riomi\source\repos\Tetra\x64\Debug\glfw3.pdb'; linking object as if no debug info
glfw3.lib(egl_context.obj) : warning LNK4099: PDB 'glfw3.pdb' was not found with 'glfw3.lib(egl_context.obj)' or at 'C:\Users\riomi\source\repos\Tetra\x64\Debug\glfw3.pdb'; linking object as if no debug info
glfw3.lib(osmesa_context.obj) : warning LNK4099: PDB 'glfw3.pdb' was not found with 'glfw3.lib(osmesa_context.obj)' or at 'C:\Users\riomi\source\repos\Tetra\x64\Debug\glfw3.pdb'; linking object as if no debug info
C:\Users\riomi\source\repos\Tetra\x64\Debug\Tetra.exe : fatal error LNK1169: one or more multiply defined symbols found
